2021-12-21 17:25:39.793  INFO 22812 --- [restartedMain] c.m.d.DroneManagementApplication         : Starting DroneManagementApplication using Java 13.0.2 on Geefee with PID 22812 (C:\Development\portfolio\Java\drone-management\target\classes started by Gafar in C:\Development\portfolio\Java\drone-management)
2021-12-21 17:25:39.794  INFO 22812 --- [restartedMain] c.m.d.DroneManagementApplication         : No active profile set, falling back to default profiles: default
2021-12-21 17:25:39.883  INFO 22812 --- [restartedMain] .e.DevToolsPropertyDefaultsPostProcessor : Devtools property defaults active! Set 'spring.devtools.add-properties' to 'false' to disable
2021-12-21 17:25:39.883  INFO 22812 --- [restartedMain] .e.DevToolsPropertyDefaultsPostProcessor : For additional web related logging consider setting the 'logging.level.web' property to 'DEBUG'
2021-12-21 17:25:40.920  INFO 22812 --- [restartedMain] .s.d.r.c.RepositoryConfigurationDelegate : Bootstrapping Spring Data JPA repositories in DEFAULT mode.
2021-12-21 17:25:40.998  INFO 22812 --- [restartedMain] .s.d.r.c.RepositoryConfigurationDelegate : Finished Spring Data repository scanning in 65 ms. Found 2 JPA repository interfaces.
2021-12-21 17:25:42.094  INFO 22812 --- [restartedMain] o.s.b.w.embedded.tomcat.TomcatWebServer  : Tomcat initialized with port(s): 5000 (http)
2021-12-21 17:25:42.107  INFO 22812 --- [restartedMain] o.apache.catalina.core.StandardService   : Starting service [Tomcat]
2021-12-21 17:25:42.107  INFO 22812 --- [restartedMain] org.apache.catalina.core.StandardEngine  : Starting Servlet engine: [Apache Tomcat/9.0.55]
2021-12-21 17:25:42.223  INFO 22812 --- [restartedMain] o.a.c.c.C.[Tomcat].[localhost].[/]       : Initializing Spring embedded WebApplicationContext
2021-12-21 17:25:42.224  INFO 22812 --- [restartedMain] w.s.c.ServletWebServerApplicationContext : Root WebApplicationContext: initialization completed in 2333 ms
2021-12-21 17:25:42.415  INFO 22812 --- [restartedMain] o.hibernate.jpa.internal.util.LogHelper  : HHH000204: Processing PersistenceUnitInfo [name: default]
2021-12-21 17:25:42.477  INFO 22812 --- [restartedMain] org.hibernate.Version                    : HHH000412: Hibernate ORM core version 5.6.1.Final
2021-12-21 17:25:42.642  INFO 22812 --- [restartedMain] o.hibernate.annotations.common.Version   : HCANN000001: Hibernate Commons Annotations {5.1.2.Final}
2021-12-21 17:25:42.765  INFO 22812 --- [restartedMain] com.zaxxer.hikari.HikariDataSource       : HikariPool-1 - Starting...
2021-12-21 17:25:42.875  INFO 22812 --- [restartedMain] com.zaxxer.hikari.HikariDataSource       : HikariPool-1 - Start completed.
2021-12-21 17:25:42.894  INFO 22812 --- [restartedMain] org.hibernate.dialect.Dialect            : HHH000400: Using dialect: org.hibernate.dialect.PostgreSQL81Dialect
2021-12-21 17:25:44.172  INFO 22812 --- [restartedMain] o.h.e.t.j.p.i.JtaPlatformInitiator       : HHH000490: Using JtaPlatform implementation: [org.hibernate.engine.transaction.jta.platform.internal.NoJtaPlatform]
2021-12-21 17:25:44.184  INFO 22812 --- [restartedMain] j.LocalContainerEntityManagerFactoryBean : Initialized JPA EntityManagerFactory for persistence unit 'default'
2021-12-21 17:25:44.724  WARN 22812 --- [restartedMain] JpaBaseConfiguration$JpaWebConfiguration : spring.jpa.open-in-view is enabled by default. Therefore, database queries may be performed during view rendering. Explicitly configure spring.jpa.open-in-view to disable this warning
2021-12-21 17:25:45.107  WARN 22812 --- [restartedMain] o.s.b.d.a.OptionalLiveReloadServer       : Unable to start LiveReload server
2021-12-21 17:25:45.500  INFO 22812 --- [restartedMain] o.s.b.w.embedded.tomcat.TomcatWebServer  : Tomcat started on port(s): 5000 (http) with context path ''
2021-12-21 17:25:45.510  INFO 22812 --- [restartedMain] c.m.d.DroneManagementApplication         : Started DroneManagementApplication in 6.27 seconds (JVM running for 6.932)
2021-12-21 17:26:19.605  INFO 22812 --- [http-nio-5000-exec-2] o.a.c.c.C.[Tomcat].[localhost].[/]       : Initializing Spring DispatcherServlet 'dispatcherServlet'
2021-12-21 17:26:19.607  INFO 22812 --- [http-nio-5000-exec-2] o.s.web.servlet.DispatcherServlet        : Initializing Servlet 'dispatcherServlet'
2021-12-21 17:26:19.608  INFO 22812 --- [http-nio-5000-exec-2] o.s.web.servlet.DispatcherServlet        : Completed initialization in 1 ms
